IGAMesh(id=0, name=None, num_patches=1, reflective_boundaries=False)
  -> Patch(material=Pu-239, source=None, id=0, name=None, shape=(14, 14), backend=geomdl)
===========================================================================
Running MatrixAssembler.build()
Discretization: N = 4096, G = 1, P = 1, A = 14, B = 14
Operators: H, S, F, B_out
---------------------------------------------------------------------------
  0%|          | 0/1 [00:00<?, ?it/s]
---------------------------------------------------------------------------
Final Operators (Elapsed Time: 23.58 s)
Step            Shape                     Compression
H               802816,802816                6941.59
S               802816,802816             15137954.01
F               802816,802816             16749312.11
B_out           802816,802816              236908.13
===========================================================================
===========================================================================
Running TTAssembler.build()
Discretization: N = 4096, G = 1, P = 1, A = 14, B = 14
Operators: H, S, F, B_out
---------------------------------------------------------------------------
  0%|          | 0/1 [00:00<?, ?it/s]
---------------------------------------------------------------------------
Final Operators (Elapsed Time: 28.88 s)
Step            Ranks                     Compression
H               3,3,3,22                  18039451.69
S               1,1,1,7                   134050235.00
F               1,1,1,7                   134050235.00
B_out           4,66,49,29                 166703.96
===========================================================================
Total Compression: 6938.407129712278
Running power iteration on GPU 0
-- (0): k = 0.939766, Angular Flux L2-Error = 0.572837809707, Elapsed Time = 0.459 s
-- (1): k = 0.980473, Angular Flux L2-Error = 0.117496752433, Elapsed Time = 0.872 s
-- (2): k = 0.993222, Angular Flux L2-Error = 0.039453095771, Elapsed Time = 1.284 s
-- (3): k = 0.997561, Angular Flux L2-Error = 0.014265883402, Elapsed Time = 1.697 s
-- (4): k = 0.999104, Angular Flux L2-Error = 0.005361282896, Elapsed Time = 2.110 s
-- (5): k = 0.999666, Angular Flux L2-Error = 0.002125353266, Elapsed Time = 2.522 s
-- (6): k = 0.999873, Angular Flux L2-Error = 0.000939383027, Elapsed Time = 2.935 s
-- (7): k = 0.999950, Angular Flux L2-Error = 0.000500816815, Elapsed Time = 3.347 s
-- (8): k = 0.999979, Angular Flux L2-Error = 0.000310717061, Elapsed Time = 3.759 s
-- (9): k = 0.999990, Angular Flux L2-Error = 0.000225544626, Elapsed Time = 4.171 s
-- (10): k = 0.999994, Angular Flux L2-Error = 0.000171946148, Elapsed Time = 4.583 s
-- (11): k = 0.999995, Angular Flux L2-Error = 0.000129385297, Elapsed Time = 4.995 s
-- (12): k = 0.999996, Angular Flux L2-Error = 0.000117705528, Elapsed Time = 5.407 s
-- (13): k = 0.999996, Angular Flux L2-Error = 0.000092893843, Elapsed Time = 5.819 s
-- (14): k = 0.999996, Angular Flux L2-Error = 0.000071742235, Elapsed Time = 6.231 s
-- (15): k = 0.999996, Angular Flux L2-Error = 0.000058979871, Elapsed Time = 6.644 s
-- (16): k = 0.999996, Angular Flux L2-Error = 0.000049405071, Elapsed Time = 7.058 s
-- (17): k = 0.999996, Angular Flux L2-Error = 0.000042060778, Elapsed Time = 7.471 s
-- (18): k = 0.999996, Angular Flux L2-Error = 0.000036134976, Elapsed Time = 7.883 s
-- (19): k = 0.999996, Angular Flux L2-Error = 0.000032740113, Elapsed Time = 8.296 s
-- (20): k = 0.999996, Angular Flux L2-Error = 0.000028607222, Elapsed Time = 8.709 s
-- (21): k = 0.999996, Angular Flux L2-Error = 0.000024847353, Elapsed Time = 9.121 s
-- (22): k = 0.999996, Angular Flux L2-Error = 0.000021551756, Elapsed Time = 9.534 s
-- (23): k = 0.999996, Angular Flux L2-Error = 0.000018823449, Elapsed Time = 9.946 s
-- (24): k = 0.999996, Angular Flux L2-Error = 0.000016532283, Elapsed Time = 10.359 s
-- (25): k = 0.999996, Angular Flux L2-Error = 0.000014850102, Elapsed Time = 10.771 s
-- (26): k = 0.999996, Angular Flux L2-Error = 0.000013696145, Elapsed Time = 11.183 s
-- (27): k = 0.999996, Angular Flux L2-Error = 0.000012890645, Elapsed Time = 11.596 s
-- (28): k = 0.999996, Angular Flux L2-Error = 0.000011863707, Elapsed Time = 12.010 s
-- (29): k = 0.999996, Angular Flux L2-Error = 0.000010661880, Elapsed Time = 12.423 s
-- (30): k = 0.999996, Angular Flux L2-Error = 0.000009609070, Elapsed Time = 12.838 s
-- (31): k = 0.999996, Angular Flux L2-Error = 0.000008646851, Elapsed Time = 13.250 s
-- (32): k = 0.999996, Angular Flux L2-Error = 0.000007827019, Elapsed Time = 13.664 s
-- (33): k = 0.999996, Angular Flux L2-Error = 0.000007197840, Elapsed Time = 14.076 s
-- (34): k = 0.999996, Angular Flux L2-Error = 0.000006595593, Elapsed Time = 14.489 s
-- (35): k = 0.999996, Angular Flux L2-Error = 0.000006060839, Elapsed Time = 14.902 s
-- (36): k = 0.999996, Angular Flux L2-Error = 0.000005518671, Elapsed Time = 15.314 s
-- (37): k = 0.999996, Angular Flux L2-Error = 0.000005065830, Elapsed Time = 15.727 s
-- (38): k = 0.999996, Angular Flux L2-Error = 0.000004680911, Elapsed Time = 16.139 s
-- (39): k = 0.999996, Angular Flux L2-Error = 0.000004400915, Elapsed Time = 16.553 s
-- (40): k = 0.999996, Angular Flux L2-Error = 0.000004140193, Elapsed Time = 16.965 s
-- (41): k = 0.999996, Angular Flux L2-Error = 0.000003899607, Elapsed Time = 17.377 s
-- (42): k = 0.999996, Angular Flux L2-Error = 0.000003659682, Elapsed Time = 17.790 s
-- (43): k = 0.999996, Angular Flux L2-Error = 0.000003440103, Elapsed Time = 18.203 s
-- (44): k = 0.999996, Angular Flux L2-Error = 0.000003233328, Elapsed Time = 18.616 s
-- (45): k = 0.999996, Angular Flux L2-Error = 0.000002971854, Elapsed Time = 19.029 s
-- (46): k = 0.999996, Angular Flux L2-Error = 0.000002757930, Elapsed Time = 19.442 s
-- (47): k = 0.999996, Angular Flux L2-Error = 0.000002599421, Elapsed Time = 19.854 s
-- (48): k = 0.999996, Angular Flux L2-Error = 0.000002452498, Elapsed Time = 20.266 s
-- (49): k = 0.999996, Angular Flux L2-Error = 0.000002315556, Elapsed Time = 20.678 s
-- (50): k = 0.999996, Angular Flux L2-Error = 0.000002235334, Elapsed Time = 21.091 s
-- (51): k = 0.999996, Angular Flux L2-Error = 0.000002088580, Elapsed Time = 21.503 s
-- (52): k = 0.999996, Angular Flux L2-Error = 0.000001930196, Elapsed Time = 21.915 s
-- (53): k = 0.999996, Angular Flux L2-Error = 0.000001759258, Elapsed Time = 22.327 s
-- (54): k = 0.999996, Angular Flux L2-Error = 0.000001622391, Elapsed Time = 22.740 s
-- (55): k = 0.999996, Angular Flux L2-Error = 0.000001472935, Elapsed Time = 23.152 s
-- (56): k = 0.999996, Angular Flux L2-Error = 0.000001326193, Elapsed Time = 23.564 s
-- (57): k = 0.999996, Angular Flux L2-Error = 0.000001221495, Elapsed Time = 23.976 s
-- (58): k = 0.999996, Angular Flux L2-Error = 0.000001138644, Elapsed Time = 24.389 s
-- (59): k = 0.999996, Angular Flux L2-Error = 0.000001071686, Elapsed Time = 24.801 s
-- (60): k = 0.999996, Angular Flux L2-Error = 0.000001012664, Elapsed Time = 25.213 s
-- (61): k = 0.999996, Angular Flux L2-Error = 0.000000960731, Elapsed Time = 25.625 s
-- (62): k = 0.999996, Angular Flux L2-Error = 0.000000922427, Elapsed Time = 26.038 s
-- (63): k = 0.999996, Angular Flux L2-Error = 0.000000884538, Elapsed Time = 26.450 s
-- (64): k = 0.999996, Angular Flux L2-Error = 0.000000844053, Elapsed Time = 26.862 s
-- (65): k = 0.999996, Angular Flux L2-Error = 0.000000807946, Elapsed Time = 27.274 s
-- (66): k = 0.999996, Angular Flux L2-Error = 0.000000777847, Elapsed Time = 27.686 s
-- (67): k = 0.999996, Angular Flux L2-Error = 0.000000744468, Elapsed Time = 28.099 s
-- (68): k = 0.999996, Angular Flux L2-Error = 0.000000719785, Elapsed Time = 28.511 s
-- (69): k = 0.999996, Angular Flux L2-Error = 0.000000673787, Elapsed Time = 28.923 s
-- (70): k = 0.999996, Angular Flux L2-Error = 0.000000631204, Elapsed Time = 29.335 s
-- (71): k = 0.999996, Angular Flux L2-Error = 0.000000588545, Elapsed Time = 29.748 s
-- (72): k = 0.999996, Angular Flux L2-Error = 0.000000549776, Elapsed Time = 30.160 s
-- (73): k = 0.999996, Angular Flux L2-Error = 0.000000513618, Elapsed Time = 30.572 s
-- (74): k = 0.999996, Angular Flux L2-Error = 0.000000482760, Elapsed Time = 30.984 s
-- (75): k = 0.999996, Angular Flux L2-Error = 0.000000453734, Elapsed Time = 31.396 s
-- (76): k = 0.999996, Angular Flux L2-Error = 0.000000427850, Elapsed Time = 31.808 s
-- (77): k = 0.999996, Angular Flux L2-Error = 0.000000401627, Elapsed Time = 32.221 s
-- (78): k = 0.999996, Angular Flux L2-Error = 0.000000380129, Elapsed Time = 32.633 s
-- (79): k = 0.999996, Angular Flux L2-Error = 0.000000362258, Elapsed Time = 33.045 s
-- (80): k = 0.999996, Angular Flux L2-Error = 0.000000343752, Elapsed Time = 33.457 s
-- (81): k = 0.999996, Angular Flux L2-Error = 0.000000328204, Elapsed Time = 33.870 s
-- (82): k = 0.999996, Angular Flux L2-Error = 0.000000309441, Elapsed Time = 34.282 s
-- (83): k = 0.999996, Angular Flux L2-Error = 0.000000293868, Elapsed Time = 34.694 s
-- (84): k = 0.999996, Angular Flux L2-Error = 0.000000277041, Elapsed Time = 35.106 s
-- (85): k = 0.999996, Angular Flux L2-Error = 0.000000264074, Elapsed Time = 35.518 s
-- (86): k = 0.999996, Angular Flux L2-Error = 0.000000249930, Elapsed Time = 35.931 s
-- (87): k = 0.999996, Angular Flux L2-Error = 0.000000233956, Elapsed Time = 36.343 s
-- (88): k = 0.999996, Angular Flux L2-Error = 0.000000220823, Elapsed Time = 36.755 s
-- (89): k = 0.999996, Angular Flux L2-Error = 0.000000211334, Elapsed Time = 37.167 s
-- (90): k = 0.999996, Angular Flux L2-Error = 0.000000203530, Elapsed Time = 37.579 s
-- (91): k = 0.999996, Angular Flux L2-Error = 0.000000195637, Elapsed Time = 37.991 s
-- (92): k = 0.999996, Angular Flux L2-Error = 0.000000186976, Elapsed Time = 38.404 s
-- (93): k = 0.999996, Angular Flux L2-Error = 0.000000176786, Elapsed Time = 38.816 s
-- (94): k = 0.999996, Angular Flux L2-Error = 0.000000166864, Elapsed Time = 39.228 s
-- (95): k = 0.999996, Angular Flux L2-Error = 0.000000159093, Elapsed Time = 39.641 s
-- (96): k = 0.999996, Angular Flux L2-Error = 0.000000149946, Elapsed Time = 40.053 s
-- (97): k = 0.999996, Angular Flux L2-Error = 0.000000142653, Elapsed Time = 40.465 s
-- (98): k = 0.999996, Angular Flux L2-Error = 0.000000135575, Elapsed Time = 40.877 s
-- (99): k = 0.999996, Angular Flux L2-Error = 0.000000128895, Elapsed Time = 41.290 s
-- (100): k = 0.999996, Angular Flux L2-Error = 0.000000123837, Elapsed Time = 41.702 s
-- (101): k = 0.999996, Angular Flux L2-Error = 0.000000118564, Elapsed Time = 42.114 s
-- (102): k = 0.999996, Angular Flux L2-Error = 0.000000112616, Elapsed Time = 42.526 s
-- (103): k = 0.999996, Angular Flux L2-Error = 0.000000106755, Elapsed Time = 42.939 s
-- (104): k = 0.999996, Angular Flux L2-Error = 0.000000100602, Elapsed Time = 43.351 s
-- (105): k = 0.999996, Angular Flux L2-Error = 0.000000094929, Elapsed Time = 43.763 s
-- (106): k = 0.999996, Angular Flux L2-Error = 0.000000090043, Elapsed Time = 44.175 s
-- (107): k = 0.999996, Angular Flux L2-Error = 0.000000085821, Elapsed Time = 44.588 s
-- (108): k = 0.999996, Angular Flux L2-Error = 0.000000083129, Elapsed Time = 45.000 s
-- (109): k = 0.999996, Angular Flux L2-Error = 0.000000079899, Elapsed Time = 45.412 s
-- (110): k = 0.999996, Angular Flux L2-Error = 0.000000076130, Elapsed Time = 45.825 s
-- (111): k = 0.999996, Angular Flux L2-Error = 0.000000072466, Elapsed Time = 46.237 s
-- (112): k = 0.999996, Angular Flux L2-Error = 0.000000068816, Elapsed Time = 46.649 s
-- (113): k = 0.999996, Angular Flux L2-Error = 0.000000066169, Elapsed Time = 47.061 s
-- (114): k = 0.999996, Angular Flux L2-Error = 0.000000064327, Elapsed Time = 47.473 s
-- (115): k = 0.999996, Angular Flux L2-Error = 0.000000061304, Elapsed Time = 47.886 s
-- (116): k = 0.999996, Angular Flux L2-Error = 0.000000058626, Elapsed Time = 48.298 s
-- (117): k = 0.999996, Angular Flux L2-Error = 0.000000055541, Elapsed Time = 48.710 s
-- (118): k = 0.999996, Angular Flux L2-Error = 0.000000052983, Elapsed Time = 49.123 s
-- (119): k = 0.999996, Angular Flux L2-Error = 0.000000051402, Elapsed Time = 49.535 s
-- (120): k = 0.999996, Angular Flux L2-Error = 0.000000049908, Elapsed Time = 49.947 s
-- (121): k = 0.999996, Angular Flux L2-Error = 0.000000047871, Elapsed Time = 50.359 s
-- (122): k = 0.999996, Angular Flux L2-Error = 0.000000046092, Elapsed Time = 50.772 s
-- (123): k = 0.999996, Angular Flux L2-Error = 0.000000044934, Elapsed Time = 51.184 s
-- (124): k = 0.999996, Angular Flux L2-Error = 0.000000044952, Elapsed Time = 51.596 s
-- (125): k = 0.999996, Angular Flux L2-Error = 0.000000045464, Elapsed Time = 52.009 s
-- (126): k = 0.999996, Angular Flux L2-Error = 0.000000044607, Elapsed Time = 52.421 s
-- (127): k = 0.999996, Angular Flux L2-Error = 0.000000042009, Elapsed Time = 52.833 s
-- (128): k = 0.999996, Angular Flux L2-Error = 0.000000038998, Elapsed Time = 53.245 s
-- (129): k = 0.999996, Angular Flux L2-Error = 0.000000036207, Elapsed Time = 53.658 s
-- (130): k = 0.999996, Angular Flux L2-Error = 0.000000033883, Elapsed Time = 54.070 s
-- (131): k = 0.999996, Angular Flux L2-Error = 0.000000032220, Elapsed Time = 54.482 s
-- (132): k = 0.999996, Angular Flux L2-Error = 0.000000030465, Elapsed Time = 54.894 s
-- (133): k = 0.999996, Angular Flux L2-Error = 0.000000028926, Elapsed Time = 55.307 s
-- (134): k = 0.999996, Angular Flux L2-Error = 0.000000027469, Elapsed Time = 55.719 s
-- (135): k = 0.999996, Angular Flux L2-Error = 0.000000026107, Elapsed Time = 56.131 s
-- (136): k = 0.999996, Angular Flux L2-Error = 0.000000024565, Elapsed Time = 56.543 s
-- (137): k = 0.999996, Angular Flux L2-Error = 0.000000022934, Elapsed Time = 56.956 s
-- (138): k = 0.999996, Angular Flux L2-Error = 0.000000021647, Elapsed Time = 57.369 s
-- (139): k = 0.999996, Angular Flux L2-Error = 0.000000020377, Elapsed Time = 57.781 s
-- (140): k = 0.999996, Angular Flux L2-Error = 0.000000019371, Elapsed Time = 58.193 s
-- (141): k = 0.999996, Angular Flux L2-Error = 0.000000018557, Elapsed Time = 58.605 s
-- (142): k = 0.999996, Angular Flux L2-Error = 0.000000017850, Elapsed Time = 59.018 s
-- (143): k = 0.999996, Angular Flux L2-Error = 0.000000017317, Elapsed Time = 59.430 s
-- (144): k = 0.999996, Angular Flux L2-Error = 0.000000016769, Elapsed Time = 59.843 s
-- (145): k = 0.999996, Angular Flux L2-Error = 0.000000016211, Elapsed Time = 60.255 s
-- (146): k = 0.999996, Angular Flux L2-Error = 0.000000015709, Elapsed Time = 60.667 s
-- (147): k = 0.999996, Angular Flux L2-Error = 0.000000003070, Elapsed Time = 60.750 s
-- Converged!
Total Compression: 233036.3510477015
Running power iteration on GPU 0
-- (0): k = 0.939766, Angular Flux L2-Error = 0.572837095959, Elapsed Time = 0.941 s
-- (1): k = 0.980473, Angular Flux L2-Error = 0.117495942061, Elapsed Time = 1.883 s
-- (2): k = 0.993222, Angular Flux L2-Error = 0.039453000896, Elapsed Time = 2.825 s
-- (3): k = 0.997561, Angular Flux L2-Error = 0.014265810221, Elapsed Time = 3.768 s
-- (4): k = 0.999104, Angular Flux L2-Error = 0.005360935406, Elapsed Time = 4.710 s
-- (5): k = 0.999666, Angular Flux L2-Error = 0.002124811131, Elapsed Time = 5.653 s
-- (6): k = 0.999873, Angular Flux L2-Error = 0.000938902143, Elapsed Time = 6.595 s
-- (7): k = 0.999950, Angular Flux L2-Error = 0.000500552249, Elapsed Time = 7.537 s
-- (8): k = 0.999979, Angular Flux L2-Error = 0.000310692009, Elapsed Time = 8.479 s
-- (9): k = 0.999990, Angular Flux L2-Error = 0.000225589429, Elapsed Time = 9.421 s
-- (10): k = 0.999994, Angular Flux L2-Error = 0.000172085412, Elapsed Time = 10.363 s
-- (11): k = 0.999995, Angular Flux L2-Error = 0.000129550032, Elapsed Time = 11.305 s
-- (12): k = 0.999996, Angular Flux L2-Error = 0.000117907934, Elapsed Time = 12.247 s
-- (13): k = 0.999996, Angular Flux L2-Error = 0.000093075111, Elapsed Time = 13.189 s
-- (14): k = 0.999996, Angular Flux L2-Error = 0.000071904917, Elapsed Time = 14.132 s
-- (15): k = 0.999996, Angular Flux L2-Error = 0.000059131196, Elapsed Time = 15.075 s
-- (16): k = 0.999996, Angular Flux L2-Error = 0.000049541818, Elapsed Time = 16.018 s
-- (17): k = 0.999996, Angular Flux L2-Error = 0.000042181400, Elapsed Time = 16.961 s
-- (18): k = 0.999996, Angular Flux L2-Error = 0.000036241590, Elapsed Time = 17.904 s
-- (19): k = 0.999996, Angular Flux L2-Error = 0.000032833820, Elapsed Time = 18.846 s
-- (20): k = 0.999996, Angular Flux L2-Error = 0.000028657841, Elapsed Time = 19.789 s
-- (21): k = 0.999996, Angular Flux L2-Error = 0.000024857282, Elapsed Time = 20.731 s
-- (22): k = 0.999996, Angular Flux L2-Error = 0.000021580903, Elapsed Time = 21.674 s
-- (23): k = 0.999996, Angular Flux L2-Error = 0.000018851652, Elapsed Time = 22.616 s
-- (24): k = 0.999996, Angular Flux L2-Error = 0.000016593159, Elapsed Time = 23.559 s
-- (25): k = 0.999996, Angular Flux L2-Error = 0.000014881492, Elapsed Time = 24.501 s
-- (26): k = 0.999996, Angular Flux L2-Error = 0.000013685724, Elapsed Time = 25.443 s
-- (27): k = 0.999996, Angular Flux L2-Error = 0.000012758347, Elapsed Time = 26.386 s
-- (28): k = 0.999996, Angular Flux L2-Error = 0.000011574590, Elapsed Time = 27.329 s
-- (29): k = 0.999996, Angular Flux L2-Error = 0.000010555234, Elapsed Time = 28.271 s
-- (30): k = 0.999996, Angular Flux L2-Error = 0.000009641531, Elapsed Time = 29.214 s
-- (31): k = 0.999996, Angular Flux L2-Error = 0.000008693330, Elapsed Time = 30.157 s
-- (32): k = 0.999996, Angular Flux L2-Error = 0.000008051897, Elapsed Time = 31.100 s
-- (33): k = 0.999996, Angular Flux L2-Error = 0.000007254066, Elapsed Time = 32.043 s
-- (34): k = 0.999996, Angular Flux L2-Error = 0.000006662967, Elapsed Time = 32.986 s
-- (35): k = 0.999996, Angular Flux L2-Error = 0.000006129271, Elapsed Time = 33.929 s
-- (36): k = 0.999996, Angular Flux L2-Error = 0.000005648286, Elapsed Time = 34.872 s
-- (37): k = 0.999996, Angular Flux L2-Error = 0.000005174712, Elapsed Time = 35.814 s
-- (38): k = 0.999996, Angular Flux L2-Error = 0.000004805036, Elapsed Time = 36.757 s
-- (39): k = 0.999996, Angular Flux L2-Error = 0.000004458610, Elapsed Time = 37.699 s
-- (40): k = 0.999996, Angular Flux L2-Error = 0.000004147660, Elapsed Time = 38.641 s
-- (41): k = 0.999996, Angular Flux L2-Error = 0.000003846182, Elapsed Time = 39.584 s
-- (42): k = 0.999996, Angular Flux L2-Error = 0.000003660281, Elapsed Time = 40.526 s
-- (43): k = 0.999996, Angular Flux L2-Error = 0.000003389377, Elapsed Time = 41.469 s
-- (44): k = 0.999996, Angular Flux L2-Error = 0.000003172884, Elapsed Time = 42.411 s
-- (45): k = 0.999996, Angular Flux L2-Error = 0.000002966940, Elapsed Time = 43.353 s
-- (46): k = 0.999996, Angular Flux L2-Error = 0.000002805936, Elapsed Time = 44.295 s
-- (47): k = 0.999996, Angular Flux L2-Error = 0.000002651647, Elapsed Time = 45.238 s
-- (48): k = 0.999996, Angular Flux L2-Error = 0.000002535139, Elapsed Time = 46.180 s
-- (49): k = 0.999996, Angular Flux L2-Error = 0.000002402890, Elapsed Time = 47.123 s
-- (50): k = 0.999996, Angular Flux L2-Error = 0.000002261789, Elapsed Time = 48.065 s
-- (51): k = 0.999996, Angular Flux L2-Error = 0.000002148010, Elapsed Time = 49.007 s
-- (52): k = 0.999996, Angular Flux L2-Error = 0.000001973970, Elapsed Time = 49.950 s
-- (53): k = 0.999996, Angular Flux L2-Error = 0.000001818295, Elapsed Time = 50.892 s
-- (54): k = 0.999996, Angular Flux L2-Error = 0.000001652663, Elapsed Time = 51.834 s
-- (55): k = 0.999996, Angular Flux L2-Error = 0.000001535442, Elapsed Time = 52.777 s
-- (56): k = 0.999996, Angular Flux L2-Error = 0.000001404950, Elapsed Time = 53.719 s
-- (57): k = 0.999996, Angular Flux L2-Error = 0.000001298726, Elapsed Time = 54.661 s
-- (58): k = 0.999996, Angular Flux L2-Error = 0.000001210559, Elapsed Time = 55.604 s
-- (59): k = 0.999996, Angular Flux L2-Error = 0.000001115659, Elapsed Time = 56.546 s
-- (60): k = 0.999996, Angular Flux L2-Error = 0.000001025480, Elapsed Time = 57.488 s
-- (61): k = 0.999996, Angular Flux L2-Error = 0.000000941767, Elapsed Time = 58.431 s
-- (62): k = 0.999996, Angular Flux L2-Error = 0.000000881797, Elapsed Time = 59.373 s
-- (63): k = 0.999996, Angular Flux L2-Error = 0.000000841128, Elapsed Time = 60.316 s
-- (64): k = 0.999996, Angular Flux L2-Error = 0.000000793013, Elapsed Time = 61.259 s
-- (65): k = 0.999996, Angular Flux L2-Error = 0.000000753470, Elapsed Time = 62.201 s
-- (66): k = 0.999996, Angular Flux L2-Error = 0.000000718093, Elapsed Time = 63.144 s
-- (67): k = 0.999996, Angular Flux L2-Error = 0.000000688203, Elapsed Time = 64.086 s
-- (68): k = 0.999996, Angular Flux L2-Error = 0.000000655172, Elapsed Time = 65.029 s
-- (69): k = 0.999996, Angular Flux L2-Error = 0.000000621273, Elapsed Time = 65.971 s
-- (70): k = 0.999996, Angular Flux L2-Error = 0.000000597556, Elapsed Time = 66.914 s
-- (71): k = 0.999996, Angular Flux L2-Error = 0.000000579010, Elapsed Time = 67.856 s
-- (72): k = 0.999996, Angular Flux L2-Error = 0.000000555253, Elapsed Time = 68.798 s
-- (73): k = 0.999996, Angular Flux L2-Error = 0.000000521806, Elapsed Time = 69.741 s
-- (74): k = 0.999996, Angular Flux L2-Error = 0.000000479512, Elapsed Time = 70.683 s
-- (75): k = 0.999996, Angular Flux L2-Error = 0.000000447628, Elapsed Time = 71.626 s
-- (76): k = 0.999996, Angular Flux L2-Error = 0.000000419617, Elapsed Time = 72.568 s
-- (77): k = 0.999996, Angular Flux L2-Error = 0.000000399361, Elapsed Time = 73.510 s
-- (78): k = 0.999996, Angular Flux L2-Error = 0.000000380315, Elapsed Time = 74.452 s
-- (79): k = 0.999996, Angular Flux L2-Error = 0.000000361168, Elapsed Time = 75.395 s
-- (80): k = 0.999996, Angular Flux L2-Error = 0.000000340757, Elapsed Time = 76.337 s
-- (81): k = 0.999996, Angular Flux L2-Error = 0.000000320004, Elapsed Time = 77.280 s
-- (82): k = 0.999996, Angular Flux L2-Error = 0.000000304215, Elapsed Time = 78.222 s
-- (83): k = 0.999996, Angular Flux L2-Error = 0.000000286982, Elapsed Time = 79.164 s
-- (84): k = 0.999996, Angular Flux L2-Error = 0.000000271124, Elapsed Time = 80.107 s
-- (85): k = 0.999996, Angular Flux L2-Error = 0.000000259514, Elapsed Time = 81.049 s
-- (86): k = 0.999996, Angular Flux L2-Error = 0.000000248718, Elapsed Time = 81.991 s
-- (87): k = 0.999996, Angular Flux L2-Error = 0.000000239241, Elapsed Time = 82.933 s
-- (88): k = 0.999996, Angular Flux L2-Error = 0.000000226205, Elapsed Time = 83.876 s
-- (89): k = 0.999996, Angular Flux L2-Error = 0.000000217344, Elapsed Time = 84.818 s
-- (90): k = 0.999996, Angular Flux L2-Error = 0.000000208947, Elapsed Time = 85.760 s
-- (91): k = 0.999996, Angular Flux L2-Error = 0.000000198632, Elapsed Time = 86.702 s
-- (92): k = 0.999996, Angular Flux L2-Error = 0.000000189230, Elapsed Time = 87.645 s
-- (93): k = 0.999996, Angular Flux L2-Error = 0.000000181490, Elapsed Time = 88.587 s
-- (94): k = 0.999996, Angular Flux L2-Error = 0.000000172254, Elapsed Time = 89.530 s
-- (95): k = 0.999996, Angular Flux L2-Error = 0.000000165491, Elapsed Time = 90.472 s
-- (96): k = 0.999996, Angular Flux L2-Error = 0.000000154968, Elapsed Time = 91.415 s
-- (97): k = 0.999996, Angular Flux L2-Error = 0.000000144673, Elapsed Time = 92.357 s
-- (98): k = 0.999996, Angular Flux L2-Error = 0.000000136166, Elapsed Time = 93.299 s
-- (99): k = 0.999996, Angular Flux L2-Error = 0.000000130994, Elapsed Time = 94.242 s
-- (100): k = 0.999996, Angular Flux L2-Error = 0.000000124212, Elapsed Time = 95.184 s
-- (101): k = 0.999996, Angular Flux L2-Error = 0.000000117181, Elapsed Time = 96.126 s
-- (102): k = 0.999996, Angular Flux L2-Error = 0.000000113781, Elapsed Time = 97.069 s
-- (103): k = 0.999996, Angular Flux L2-Error = 0.000000106283, Elapsed Time = 98.011 s
-- (104): k = 0.999996, Angular Flux L2-Error = 0.000000102209, Elapsed Time = 98.953 s
-- (105): k = 0.999996, Angular Flux L2-Error = 0.000000097383, Elapsed Time = 99.895 s
-- (106): k = 0.999996, Angular Flux L2-Error = 0.000000092909, Elapsed Time = 100.837 s
-- (107): k = 0.999996, Angular Flux L2-Error = 0.000000088206, Elapsed Time = 101.780 s
-- (108): k = 0.999996, Angular Flux L2-Error = 0.000000083261, Elapsed Time = 102.722 s
-- (109): k = 0.999996, Angular Flux L2-Error = 0.000000078624, Elapsed Time = 103.665 s
-- (110): k = 0.999996, Angular Flux L2-Error = 0.000000074825, Elapsed Time = 104.607 s
-- (111): k = 0.999996, Angular Flux L2-Error = 0.000000072526, Elapsed Time = 105.550 s
-- (112): k = 0.999996, Angular Flux L2-Error = 0.000000071006, Elapsed Time = 106.492 s
-- (113): k = 0.999996, Angular Flux L2-Error = 0.000000068978, Elapsed Time = 107.434 s
-- (114): k = 0.999996, Angular Flux L2-Error = 0.000000066871, Elapsed Time = 108.377 s
-- (115): k = 0.999996, Angular Flux L2-Error = 0.000000065332, Elapsed Time = 109.319 s
-- (116): k = 0.999996, Angular Flux L2-Error = 0.000000063124, Elapsed Time = 110.262 s
-- (117): k = 0.999996, Angular Flux L2-Error = 0.000000061357, Elapsed Time = 111.204 s
-- (118): k = 0.999996, Angular Flux L2-Error = 0.000000058518, Elapsed Time = 112.146 s
-- (119): k = 0.999996, Angular Flux L2-Error = 0.000000054561, Elapsed Time = 113.089 s
-- (120): k = 0.999996, Angular Flux L2-Error = 0.000000050223, Elapsed Time = 114.031 s
-- (121): k = 0.999996, Angular Flux L2-Error = 0.000000047078, Elapsed Time = 114.973 s
-- (122): k = 0.999996, Angular Flux L2-Error = 0.000000044998, Elapsed Time = 115.915 s
-- (123): k = 0.999996, Angular Flux L2-Error = 0.000000043101, Elapsed Time = 116.857 s
-- (124): k = 0.999996, Angular Flux L2-Error = 0.000000040958, Elapsed Time = 117.799 s
-- (125): k = 0.999996, Angular Flux L2-Error = 0.000000039354, Elapsed Time = 118.742 s
-- (126): k = 0.999996, Angular Flux L2-Error = 0.000000037481, Elapsed Time = 119.684 s
-- (127): k = 0.999996, Angular Flux L2-Error = 0.000000035897, Elapsed Time = 120.626 s
-- (128): k = 0.999996, Angular Flux L2-Error = 0.000000034856, Elapsed Time = 121.569 s
-- (129): k = 0.999996, Angular Flux L2-Error = 0.000000033309, Elapsed Time = 122.511 s
-- (130): k = 0.999996, Angular Flux L2-Error = 0.000000031652, Elapsed Time = 123.453 s
-- (131): k = 0.999996, Angular Flux L2-Error = 0.000000030080, Elapsed Time = 124.395 s
-- (132): k = 0.999996, Angular Flux L2-Error = 0.000000028371, Elapsed Time = 125.339 s
-- (133): k = 0.999996, Angular Flux L2-Error = 0.000000026994, Elapsed Time = 126.284 s
-- (134): k = 0.999996, Angular Flux L2-Error = 0.000000025644, Elapsed Time = 127.227 s
-- (135): k = 0.999996, Angular Flux L2-Error = 0.000000024375, Elapsed Time = 128.171 s
-- (136): k = 0.999996, Angular Flux L2-Error = 0.000000023244, Elapsed Time = 129.114 s
-- (137): k = 0.999996, Angular Flux L2-Error = 0.000000022835, Elapsed Time = 130.056 s
-- (138): k = 0.999996, Angular Flux L2-Error = 0.000000021791, Elapsed Time = 130.999 s
-- (139): k = 0.999996, Angular Flux L2-Error = 0.000000020996, Elapsed Time = 131.941 s
-- (140): k = 0.999996, Angular Flux L2-Error = 0.000000020174, Elapsed Time = 132.884 s
-- (141): k = 0.999996, Angular Flux L2-Error = 0.000000019296, Elapsed Time = 133.826 s
-- (142): k = 0.999996, Angular Flux L2-Error = 0.000000018424, Elapsed Time = 134.768 s
-- (143): k = 0.999996, Angular Flux L2-Error = 0.000000017556, Elapsed Time = 135.710 s
-- (144): k = 0.999996, Angular Flux L2-Error = 0.000000016648, Elapsed Time = 136.652 s
-- (145): k = 0.999996, Angular Flux L2-Error = 0.000000016018, Elapsed Time = 137.595 s
-- (146): k = 0.999996, Angular Flux L2-Error = 0.000000013636, Elapsed Time = 138.443 s
-- (147): k = 0.999996, Angular Flux L2-Error = 0.000000001726, Elapsed Time = 138.541 s
-- Converged!
Total Compression: 162109.30587384262
Running power iteration on GPU 0
-- (0): k = 0.939766, Angular Flux L2-Error = 0.572837680900, Elapsed Time = 41.443 s
-- (1): k = 0.980472, Angular Flux L2-Error = 0.117495980754, Elapsed Time = 82.745 s
-- (2): k = 0.993221, Angular Flux L2-Error = 0.039452864414, Elapsed Time = 123.974 s
-- (3): k = 0.997560, Angular Flux L2-Error = 0.014265565028, Elapsed Time = 165.049 s
-- (4): k = 0.999103, Angular Flux L2-Error = 0.005360644148, Elapsed Time = 206.107 s
-- (5): k = 0.999665, Angular Flux L2-Error = 0.002124625829, Elapsed Time = 247.164 s
-- (6): k = 0.999872, Angular Flux L2-Error = 0.000938872496, Elapsed Time = 288.215 s
-- (7): k = 0.999950, Angular Flux L2-Error = 0.000500629717, Elapsed Time = 329.263 s
-- (8): k = 0.999978, Angular Flux L2-Error = 0.000310785133, Elapsed Time = 370.315 s
-- (9): k = 0.999989, Angular Flux L2-Error = 0.000225672243, Elapsed Time = 411.365 s
-- (10): k = 0.999993, Angular Flux L2-Error = 0.000172111195, Elapsed Time = 452.414 s
-- (11): k = 0.999995, Angular Flux L2-Error = 0.000129567725, Elapsed Time = 493.466 s
-- (12): k = 0.999995, Angular Flux L2-Error = 0.000117893179, Elapsed Time = 534.524 s
-- (13): k = 0.999995, Angular Flux L2-Error = 0.000093041167, Elapsed Time = 575.580 s
-- (14): k = 0.999996, Angular Flux L2-Error = 0.000071864707, Elapsed Time = 616.632 s
-- (15): k = 0.999996, Angular Flux L2-Error = 0.000059087093, Elapsed Time = 657.685 s
-- (16): k = 0.999996, Angular Flux L2-Error = 0.000049496816, Elapsed Time = 698.739 s
-- (17): k = 0.999996, Angular Flux L2-Error = 0.000042136090, Elapsed Time = 739.796 s
-- (18): k = 0.999996, Angular Flux L2-Error = 0.000036196286, Elapsed Time = 780.853 s
-- (19): k = 0.999996, Angular Flux L2-Error = 0.000032786946, Elapsed Time = 828.311 s
-- (20): k = 0.999996, Angular Flux L2-Error = 0.000028608159, Elapsed Time = 869.371 s
-- (21): k = 0.999996, Angular Flux L2-Error = 0.000024807499, Elapsed Time = 910.433 s
-- (22): k = 0.999996, Angular Flux L2-Error = 0.000021538345, Elapsed Time = 951.492 s
-- (23): k = 0.999996, Angular Flux L2-Error = 0.000018812926, Elapsed Time = 992.552 s
-- (24): k = 0.999996, Angular Flux L2-Error = 0.000016562861, Elapsed Time = 1033.611 s
-- (25): k = 0.999996, Angular Flux L2-Error = 0.000014847666, Elapsed Time = 1074.672 s
-- (26): k = 0.999996, Angular Flux L2-Error = 0.000013631682, Elapsed Time = 1115.732 s
-- (27): k = 0.999996, Angular Flux L2-Error = 0.000012728380, Elapsed Time = 1156.792 s
-- (28): k = 0.999996, Angular Flux L2-Error = 0.000011566170, Elapsed Time = 1197.853 s
-- (29): k = 0.999996, Angular Flux L2-Error = 0.000010565470, Elapsed Time = 1238.909 s
-- (30): k = 0.999996, Angular Flux L2-Error = 0.000009645473, Elapsed Time = 1279.967 s
-- (31): k = 0.999996, Angular Flux L2-Error = 0.000008738331, Elapsed Time = 1321.026 s
-- (32): k = 0.999996, Angular Flux L2-Error = 0.000007920338, Elapsed Time = 1362.078 s
-- (33): k = 0.999996, Angular Flux L2-Error = 0.000007191648, Elapsed Time = 1403.132 s
-- (34): k = 0.999996, Angular Flux L2-Error = 0.000006557006, Elapsed Time = 1444.189 s
-- (35): k = 0.999996, Angular Flux L2-Error = 0.000006048534, Elapsed Time = 1485.249 s
-- (36): k = 0.999996, Angular Flux L2-Error = 0.000005585657, Elapsed Time = 1526.309 s
-- (37): k = 0.999996, Angular Flux L2-Error = 0.000005153926, Elapsed Time = 1567.371 s
-- (38): k = 0.999996, Angular Flux L2-Error = 0.000004769504, Elapsed Time = 1608.430 s
-- (39): k = 0.999996, Angular Flux L2-Error = 0.000004419564, Elapsed Time = 1649.488 s
-- (40): k = 0.999996, Angular Flux L2-Error = 0.000004098141, Elapsed Time = 1690.549 s
-- (41): k = 0.999996, Angular Flux L2-Error = 0.000003796815, Elapsed Time = 1731.609 s
-- (42): k = 0.999996, Angular Flux L2-Error = 0.000003506941, Elapsed Time = 1772.669 s
-- (43): k = 0.999996, Angular Flux L2-Error = 0.000003290920, Elapsed Time = 1813.728 s
-- (44): k = 0.999996, Angular Flux L2-Error = 0.000003058795, Elapsed Time = 1854.783 s
-- (45): k = 0.999996, Angular Flux L2-Error = 0.000002842239, Elapsed Time = 1895.840 s
-- (46): k = 0.999996, Angular Flux L2-Error = 0.000002657774, Elapsed Time = 1936.900 s
-- (47): k = 0.999996, Angular Flux L2-Error = 0.000002520005, Elapsed Time = 1977.960 s
-- (48): k = 0.999996, Angular Flux L2-Error = 0.000002332358, Elapsed Time = 2019.017 s
-- (49): k = 0.999996, Angular Flux L2-Error = 0.000002217904, Elapsed Time = 2060.075 s
-- (50): k = 0.999996, Angular Flux L2-Error = 0.000002133427, Elapsed Time = 2107.760 s
-- (51): k = 0.999996, Angular Flux L2-Error = 0.000002077057, Elapsed Time = 2148.820 s
-- (52): k = 0.999996, Angular Flux L2-Error = 0.000001938353, Elapsed Time = 2189.879 s
-- (53): k = 0.999996, Angular Flux L2-Error = 0.000001800966, Elapsed Time = 2230.934 s
-- (54): k = 0.999996, Angular Flux L2-Error = 0.000001696727, Elapsed Time = 2271.991 s
-- (55): k = 0.999996, Angular Flux L2-Error = 0.000001589865, Elapsed Time = 2313.051 s
-- (56): k = 0.999996, Angular Flux L2-Error = 0.000001498492, Elapsed Time = 2354.116 s
-- (57): k = 0.999996, Angular Flux L2-Error = 0.000001415694, Elapsed Time = 2395.178 s
-- (58): k = 0.999996, Angular Flux L2-Error = 0.000001348684, Elapsed Time = 2436.240 s
-- (59): k = 0.999996, Angular Flux L2-Error = 0.000001319549, Elapsed Time = 2477.298 s
-- (60): k = 0.999996, Angular Flux L2-Error = 0.000001278145, Elapsed Time = 2518.355 s
-- (61): k = 0.999996, Angular Flux L2-Error = 0.000001213520, Elapsed Time = 2559.413 s
-- (62): k = 0.999996, Angular Flux L2-Error = 0.000001069873, Elapsed Time = 2600.472 s
-- (63): k = 0.999996, Angular Flux L2-Error = 0.000000949147, Elapsed Time = 2641.528 s
-- (64): k = 0.999996, Angular Flux L2-Error = 0.000000858033, Elapsed Time = 2682.589 s
-- (65): k = 0.999996, Angular Flux L2-Error = 0.000000793615, Elapsed Time = 2723.649 s
-- (66): k = 0.999996, Angular Flux L2-Error = 0.000000750252, Elapsed Time = 2764.703 s
-- (67): k = 0.999996, Angular Flux L2-Error = 0.000000706335, Elapsed Time = 2805.761 s
-- (68): k = 0.999996, Angular Flux L2-Error = 0.000000656637, Elapsed Time = 2846.827 s
-- (69): k = 0.999996, Angular Flux L2-Error = 0.000000619622, Elapsed Time = 2887.892 s
-- (70): k = 0.999996, Angular Flux L2-Error = 0.000000587443, Elapsed Time = 2928.960 s
-- (71): k = 0.999996, Angular Flux L2-Error = 0.000000540319, Elapsed Time = 2970.027 s
-- (72): k = 0.999996, Angular Flux L2-Error = 0.000000502834, Elapsed Time = 3011.096 s
-- (73): k = 0.999996, Angular Flux L2-Error = 0.000000472462, Elapsed Time = 3052.163 s
-- (74): k = 0.999996, Angular Flux L2-Error = 0.000000447870, Elapsed Time = 3093.227 s
-- (75): k = 0.999996, Angular Flux L2-Error = 0.000000422053, Elapsed Time = 3134.291 s
-- (76): k = 0.999996, Angular Flux L2-Error = 0.000000399526, Elapsed Time = 3175.351 s
-- (77): k = 0.999996, Angular Flux L2-Error = 0.000000376313, Elapsed Time = 3216.415 s
-- (78): k = 0.999996, Angular Flux L2-Error = 0.000000359944, Elapsed Time = 3257.473 s
-- (79): k = 0.999996, Angular Flux L2-Error = 0.000000348143, Elapsed Time = 3298.535 s
-- (80): k = 0.999996, Angular Flux L2-Error = 0.000000329602, Elapsed Time = 3346.196 s
-- (81): k = 0.999996, Angular Flux L2-Error = 0.000000312769, Elapsed Time = 3387.265 s
-- (82): k = 0.999996, Angular Flux L2-Error = 0.000000296098, Elapsed Time = 3428.331 s
-- (83): k = 0.999996, Angular Flux L2-Error = 0.000000281277, Elapsed Time = 3469.396 s
-- (84): k = 0.999996, Angular Flux L2-Error = 0.000000269250, Elapsed Time = 3510.464 s
-- (85): k = 0.999996, Angular Flux L2-Error = 0.000000255508, Elapsed Time = 3551.531 s
-- (86): k = 0.999996, Angular Flux L2-Error = 0.000000243302, Elapsed Time = 3592.605 s
-- (87): k = 0.999996, Angular Flux L2-Error = 0.000000232380, Elapsed Time = 3633.669 s
-- (88): k = 0.999996, Angular Flux L2-Error = 0.000000221691, Elapsed Time = 3674.733 s
-- (89): k = 0.999996, Angular Flux L2-Error = 0.000000210716, Elapsed Time = 3715.800 s
-- (90): k = 0.999996, Angular Flux L2-Error = 0.000000198066, Elapsed Time = 3756.865 s
-- (91): k = 0.999996, Angular Flux L2-Error = 0.000000188008, Elapsed Time = 3797.929 s
-- (92): k = 0.999996, Angular Flux L2-Error = 0.000000177154, Elapsed Time = 3838.994 s
-- (93): k = 0.999996, Angular Flux L2-Error = 0.000000167594, Elapsed Time = 3880.060 s
-- (94): k = 0.999996, Angular Flux L2-Error = 0.000000159908, Elapsed Time = 3921.125 s
-- (95): k = 0.999996, Angular Flux L2-Error = 0.000000155111, Elapsed Time = 3962.188 s
-- (96): k = 0.999996, Angular Flux L2-Error = 0.000000149577, Elapsed Time = 4003.249 s
-- (97): k = 0.999996, Angular Flux L2-Error = 0.000000143332, Elapsed Time = 4044.314 s
-- (98): k = 0.999996, Angular Flux L2-Error = 0.000000138234, Elapsed Time = 4085.381 s
-- (99): k = 0.999996, Angular Flux L2-Error = 0.000000135001, Elapsed Time = 4126.445 s
-- (100): k = 0.999996, Angular Flux L2-Error = 0.000000131808, Elapsed Time = 4167.509 s
-- (101): k = 0.999996, Angular Flux L2-Error = 0.000000131982, Elapsed Time = 4208.574 s
-- (102): k = 0.999996, Angular Flux L2-Error = 0.000000127055, Elapsed Time = 4249.639 s
-- (103): k = 0.999996, Angular Flux L2-Error = 0.000000119070, Elapsed Time = 4290.708 s
-- (104): k = 0.999996, Angular Flux L2-Error = 0.000000107585, Elapsed Time = 4331.780 s
-- (105): k = 0.999996, Angular Flux L2-Error = 0.000000099464, Elapsed Time = 4372.851 s
-- (106): k = 0.999996, Angular Flux L2-Error = 0.000000094017, Elapsed Time = 4413.924 s
-- (107): k = 0.999996, Angular Flux L2-Error = 0.000000089066, Elapsed Time = 4454.998 s
-- (108): k = 0.999996, Angular Flux L2-Error = 0.000000084253, Elapsed Time = 4496.069 s
-- (109): k = 0.999996, Angular Flux L2-Error = 0.000000080370, Elapsed Time = 4537.143 s
-- (110): k = 0.999996, Angular Flux L2-Error = 0.000000076636, Elapsed Time = 4578.216 s
-- (111): k = 0.999996, Angular Flux L2-Error = 0.000000072858, Elapsed Time = 4625.985 s
-- (112): k = 0.999996, Angular Flux L2-Error = 0.000000069571, Elapsed Time = 4667.063 s
-- (113): k = 0.999996, Angular Flux L2-Error = 0.000000066393, Elapsed Time = 4708.137 s
-- (114): k = 0.999996, Angular Flux L2-Error = 0.000000063600, Elapsed Time = 4749.210 s
-- (115): k = 0.999996, Angular Flux L2-Error = 0.000000061159, Elapsed Time = 4790.279 s
-- (116): k = 0.999996, Angular Flux L2-Error = 0.000000057977, Elapsed Time = 4831.345 s
-- (117): k = 0.999996, Angular Flux L2-Error = 0.000000055346, Elapsed Time = 4872.414 s
-- (118): k = 0.999996, Angular Flux L2-Error = 0.000000052563, Elapsed Time = 4913.483 s
-- (119): k = 0.999996, Angular Flux L2-Error = 0.000000049604, Elapsed Time = 4954.545 s
-- (120): k = 0.999996, Angular Flux L2-Error = 0.000000047246, Elapsed Time = 4995.610 s
-- (121): k = 0.999996, Angular Flux L2-Error = 0.000000045269, Elapsed Time = 5036.679 s
-- (122): k = 0.999996, Angular Flux L2-Error = 0.000000043744, Elapsed Time = 5077.746 s
-- (123): k = 0.999996, Angular Flux L2-Error = 0.000000042719, Elapsed Time = 5118.817 s
-- (124): k = 0.999996, Angular Flux L2-Error = 0.000000041318, Elapsed Time = 5159.885 s
-- (125): k = 0.999996, Angular Flux L2-Error = 0.000000040057, Elapsed Time = 5200.949 s
-- (126): k = 0.999996, Angular Flux L2-Error = 0.000000038747, Elapsed Time = 5242.012 s
-- (127): k = 0.999996, Angular Flux L2-Error = 0.000000037898, Elapsed Time = 5283.073 s
-- (128): k = 0.999996, Angular Flux L2-Error = 0.000000037017, Elapsed Time = 5324.133 s
-- (129): k = 0.999996, Angular Flux L2-Error = 0.000000034086, Elapsed Time = 5365.193 s
-- (130): k = 0.999996, Angular Flux L2-Error = 0.000000031925, Elapsed Time = 5406.252 s
-- (131): k = 0.999996, Angular Flux L2-Error = 0.000000030185, Elapsed Time = 5447.307 s
-- (132): k = 0.999996, Angular Flux L2-Error = 0.000000028794, Elapsed Time = 5488.365 s
-- (133): k = 0.999996, Angular Flux L2-Error = 0.000000027595, Elapsed Time = 5529.425 s
-- (134): k = 0.999996, Angular Flux L2-Error = 0.000000026363, Elapsed Time = 5570.482 s
-- (135): k = 0.999996, Angular Flux L2-Error = 0.000000025322, Elapsed Time = 5611.539 s
-- (136): k = 0.999996, Angular Flux L2-Error = 0.000000023982, Elapsed Time = 5652.598 s
-- (137): k = 0.999996, Angular Flux L2-Error = 0.000000022877, Elapsed Time = 5693.656 s
-- (138): k = 0.999996, Angular Flux L2-Error = 0.000000021919, Elapsed Time = 5734.706 s
-- (139): k = 0.999996, Angular Flux L2-Error = 0.000000020908, Elapsed Time = 5775.767 s
-- (140): k = 0.999996, Angular Flux L2-Error = 0.000000019828, Elapsed Time = 5816.830 s
-- (141): k = 0.999996, Angular Flux L2-Error = 0.000000018721, Elapsed Time = 5864.489 s
-- (142): k = 0.999996, Angular Flux L2-Error = 0.000000017892, Elapsed Time = 5905.557 s
-- (143): k = 0.999996, Angular Flux L2-Error = 0.000000017168, Elapsed Time = 5946.623 s
-- (144): k = 0.999996, Angular Flux L2-Error = 0.000000016785, Elapsed Time = 5987.684 s
-- (145): k = 0.999996, Angular Flux L2-Error = 0.000000016408, Elapsed Time = 6028.748 s
-- (146): k = 0.999996, Angular Flux L2-Error = 0.000000015957, Elapsed Time = 6069.806 s
-- (147): k = 0.999996, Angular Flux L2-Error = 0.000000004331, Elapsed Time = 6082.215 s
-- Converged!
